<?xml version="1.0" encoding="UTF-8"?>
<!-- Generated by org.testng.reporters.JUnitXMLReporter -->
<testsuite hostname="DESKTOP-5278VOO" ignored="0" name="Command line test" tests="4" failures="0" timestamp="10 Nov 2020 17:42:28 GMT" time="0.047" errors="0">
  <testcase name="@BeforeMethod clean" time="0.001" classname="webapp.runner.launch.TomcatBaseDirResolutionTest">
    <failure type="java.lang.AssertionError" message="expected [true] but found [false]">
      <![CDATA[java.lang.AssertionError: expected [true] but found [false]
at webapp.runner.launch.TomcatBaseDirResolutionTest.clean(TomcatBaseDirResolutionTest.java:26)
... Removed 41 stack frames]]>
    </failure>
  </testcase> <!-- @BeforeMethod clean -->
  <testcase name="@BeforeMethod clean" time="0.0" classname="webapp.runner.launch.TomcatBaseDirResolutionTest">
    <skipped/>
  </testcase> <!-- @BeforeMethod clean -->
  <testcase name="@AfterTest clean" time="0.0" classname="webapp.runner.launch.TomcatBaseDirResolutionTest">
    <skipped/>
  </testcase> <!-- @AfterTest clean -->
  <testcase name="testBaseDirAlreadyExists" time="0.004" classname="webapp.runner.launch.TomcatBaseDirResolutionTest"/>
  <testcase name="testBaseDirAlreadyExistsAsFile" time="0.001" classname="webapp.runner.launch.TomcatBaseDirResolutionTest"/>
  <testcase name="testBaseDirNotExists" time="0.0" classname="webapp.runner.launch.TomcatBaseDirResolutionTest">
    <skipped/>
  </testcase> <!-- testBaseDirNotExists -->
  <testcase name="testSuggestBaseDir" time="0.0" classname="webapp.runner.launch.TomcatBaseDirResolutionTest">
    <skipped/>
  </testcase> <!-- testSuggestBaseDir -->
</testsuite> <!-- Command line test -->
